<?xml version="1.0"?>
<coverage line-rate="0.72">
  <packages>
    <package name="app.models">
      <classes>
        <class filename="app/models/user.rb" line-rate="1.0" />
        <class filename="app/models/post.rb" line-rate="0.95" />
        <class filename="app/models/comment.rb" line-rate="0.85" />
        <class filename="app/models/profile.rb" line-rate="0.75" />
      </classes>
    </package>
    <package name="app.controllers">
      <classes>
        <class filename="app/controllers/posts_controller.rb" line-rate="0.4" />
        <class filename="app/controllers/users_controller.rb" line-rate="0.2" />
      </classes>
    </package>
    <package name="app.services">
      <classes>
        <class filename="app/services/auth_service.rb" line-rate="0.0" />
        <class filename="app/services/post_service.rb" line-rate="0.65" />
        <class filename="app/services/profile_service.rb" line-rate="0.5" />
      </classes>
    </package>
  </packages>
</coverage>
